<?xml version="1.0" encoding="UTF-8"?>
<testng-results ignored="0" total="3" passed="3" failed="0" skipped="0">
  <reporter-output>
  </reporter-output>
  <suite started-at="2021-11-15T12:33:49Z" name="Default suite" finished-at="2021-11-15T12:34:03Z" duration-ms="14049">
    <groups>
    </groups>
    <test started-at="2021-11-15T12:33:49Z" name="Default test" finished-at="2021-11-15T12:34:03Z" duration-ms="14049">
      <class name="qaautomation.october2021.Tugas5.Tugas5">
        <test-method signature="fakerTest()[pri:0, instance:qaautomation.october2021.Tugas5.Tugas5@70f02c32]" started-at="2021-11-15T12:33:49Z" name="fakerTest" finished-at="2021-11-15T12:33:50Z" duration-ms="828" status="PASS">
          <reporter-output>
          </reporter-output>
        </test-method> <!-- fakerTest -->
        <test-method signature="testLoginAPI()[pri:1, instance:qaautomation.october2021.Tugas5.Tugas5@70f02c32]" started-at="2021-11-15T12:33:50Z" name="testLoginAPI" finished-at="2021-11-15T12:34:01Z" duration-ms="11249" status="PASS">
          <reporter-output>
          </reporter-output>
        </test-method> <!-- testLoginAPI -->
        <test-method signature="testDashboard()[pri:2, instance:qaautomation.october2021.Tugas5.Tugas5@70f02c32]" started-at="2021-11-15T12:34:01Z" name="testDashboard" finished-at="2021-11-15T12:34:03Z" duration-ms="1838" status="PASS">
          <reporter-output>
          </reporter-output>
        </test-method> <!-- testDashboard -->
      </class> <!-- qaautomation.october2021.Tugas5.Tugas5 -->
    </test> <!-- Default test -->
  </suite> <!-- Default suite -->
</testng-results>
